17:02:15 - [32minfo[39m: Using current directory as template folder
17:02:15 - [32minfo[39m: Loading a default text/sample.md file.
17:02:15 - [34mdebug[39m: loadFileContents
17:02:15 - [34mdebug[39m: loadFileBuffer
17:02:16 - [34mdebug[39m: loadFileContents
17:02:16 - [34mdebug[39m: loadFileContents
17:02:16 - [34mdebug[39m: fromDirectory
17:02:16 - [34mdebug[39m: loadFilesContents
17:02:16 - [34mdebug[39m: loadFilesContents
17:02:16 - [34mdebug[39m: loadFilesContents
17:02:16 - [34mdebug[39m: loadFilesContents
17:02:16 - [34mdebug[39m: loadFilesContents
17:02:16 - [34mdebug[39m: loadFileContents
17:02:16 - [34mdebug[39m: fromDirectory
17:02:16 - [34mdebug[39m: loadFilesContents
17:02:16 - [34mdebug[39m: loadFilesContents
17:02:16 - [34mdebug[39m: loadFilesContents
17:02:16 - [34mdebug[39m: loadFilesContents
17:02:16 - [34mdebug[39m: loadFilesContents
17:02:16 - [34mdebug[39m: loadFileContents
17:02:16 - [34mdebug[39m: loadFileContents
17:02:16 - [34mdebug[39m: loadFileContents
17:02:16 - [34mdebug[39m: loadFileContents
17:02:17 - [34mdebug[39m: loadFileContents
17:02:18 - [34mdebug[39m: fromDirectory
17:02:18 - [34mdebug[39m: loadFileContents
17:02:18 - [34mdebug[39m: fromDirectory
17:02:18 - [34mdebug[39m: fromDirectory
17:02:18 - [34mdebug[39m: loadFilesContents
17:02:18 - [34mdebug[39m: loadFilesContents
17:02:18 - [34mdebug[39m: loadFilesContents
17:02:18 - [34mdebug[39m: loadFilesContents
17:02:18 - [34mdebug[39m: loadFilesContents
17:02:18 - [34mdebug[39m: loadFileContents
17:02:19 - [31merror[39m: Type error (at file logic/logic.ergo line 30 col 15). The field `capped' does not exist in type `{buyer: ~org.accordproject.cicero.contract.AccordParty, contractId: String, parties: ~org.accordproject.cicero.contract.AccordParty[]?, penaltyDuration: Duration, penaltyPercentage: Double, seller: ~org.accordproject.cicero.contract.AccordParty ..}'
      penalty: capped
               ^^^^^^
17:04:05 - [32minfo[39m: Using current directory as template folder
17:04:05 - [32minfo[39m: Loading a default text/sample.md file.
17:04:05 - [34mdebug[39m: loadFileContents
17:04:05 - [34mdebug[39m: loadFileBuffer
17:04:05 - [34mdebug[39m: loadFileContents
17:04:05 - [34mdebug[39m: loadFileContents
17:04:05 - [34mdebug[39m: fromDirectory
17:04:05 - [34mdebug[39m: loadFilesContents
17:04:05 - [34mdebug[39m: loadFilesContents
17:04:05 - [34mdebug[39m: loadFilesContents
17:04:05 - [34mdebug[39m: loadFilesContents
17:04:05 - [34mdebug[39m: loadFilesContents
17:04:05 - [34mdebug[39m: loadFileContents
17:04:05 - [34mdebug[39m: fromDirectory
17:04:05 - [34mdebug[39m: loadFilesContents
17:04:05 - [34mdebug[39m: loadFilesContents
17:04:05 - [34mdebug[39m: loadFilesContents
17:04:05 - [34mdebug[39m: loadFilesContents
17:04:05 - [34mdebug[39m: loadFilesContents
17:04:05 - [34mdebug[39m: loadFileContents
17:04:05 - [34mdebug[39m: loadFileContents
17:04:05 - [34mdebug[39m: loadFileContents
17:04:05 - [34mdebug[39m: loadFileContents
17:04:05 - [34mdebug[39m: loadFileContents
17:04:06 - [34mdebug[39m: fromDirectory
17:04:06 - [34mdebug[39m: loadFileContents
17:04:06 - [34mdebug[39m: fromDirectory
17:04:06 - [34mdebug[39m: fromDirectory
17:04:06 - [34mdebug[39m: loadFilesContents
17:04:06 - [34mdebug[39m: loadFilesContents
17:04:06 - [34mdebug[39m: loadFilesContents
17:04:06 - [34mdebug[39m: loadFilesContents
17:04:06 - [34mdebug[39m: loadFilesContents
17:04:06 - [34mdebug[39m: loadFileContents
17:04:08 - [34mdebug[39m: Setting clause data: {"$class":"org.accordproject.penalty.PenaltyContract","buyer":{"$class":"org.accordproject.cicero.contract.AccordParty","partyId":"Entity A"},"seller":{"$class":"org.accordproject.cicero.contract.AccordParty","partyId":"Entity B"},"penaltyDuration":{"$class":"org.accordproject.time.Duration","amount":5,"unit":"days"},"penaltyPercentage":5,"contractId":"1a11172b-64fd-48f5-bccc-c26a13838e10"}
17:04:08 - [32minfo[39m:
[33m{[39m
  [33m"[39m[32m$class[39m[33m"[39m[33m: [39m[33m"[39m[35morg.accordproject.penalty.PenaltyContract[39m[33m"[39m[33m,[39m
  [33m"[39m[32mbuyer[39m[33m"[39m[33m: [39m[33m{[39m
    [33m"[39m[32m$class[39m[33m"[39m[33m: [39m[33m"[39m[35morg.accordproject.cicero.contract.AccordParty[39m[33m"[39m[33m,[39m
    [33m"[39m[32mpartyId[39m[33m"[39m[33m: [39m[33m"[39m[35mEntity A[39m[33m"[39m
  [33m}[39m[33m,[39m
  [33m"[39m[32mseller[39m[33m"[39m[33m: [39m[33m{[39m
    [33m"[39m[32m$class[39m[33m"[39m[33m: [39m[33m"[39m[35morg.accordproject.cicero.contract.AccordParty[39m[33m"[39m[33m,[39m
    [33m"[39m[32mpartyId[39m[33m"[39m[33m: [39m[33m"[39m[35mEntity B[39m[33m"[39m
  [33m}[39m[33m,[39m
  [33m"[39m[32mpenaltyDuration[39m[33m"[39m[33m: [39m[33m{[39m
    [33m"[39m[32m$class[39m[33m"[39m[33m: [39m[33m"[39m[35morg.accordproject.time.Duration[39m[33m"[39m[33m,[39m
    [33m"[39m[32mamount[39m[33m"[39m[33m: [39m[36m5[39m[33m,[39m
    [33m"[39m[32munit[39m[33m"[39m[33m: [39m[33m"[39m[35mdays[39m[33m"[39m
  [33m}[39m[33m,[39m
  [33m"[39m[32mpenaltyPercentage[39m[33m"[39m[33m: [39m[36m5[39m[33m,[39m
  [33m"[39m[32mcontractId[39m[33m"[39m[33m: [39m[33m"[39m[35m1a11172b-64fd-48f5-bccc-c26a13838e10[39m[33m"[39m
[33m}[39m
17:04:16 - [32minfo[39m: Using current directory as template folder
17:04:16 - [32minfo[39m: Loading a default text/sample.md file.
17:04:16 - [32minfo[39m: Loading a default request.json file.
17:04:16 - [34mdebug[39m: loadFileContents
17:04:16 - [34mdebug[39m: loadFileBuffer
17:04:16 - [34mdebug[39m: loadFileContents
17:04:16 - [34mdebug[39m: loadFileContents
17:04:16 - [34mdebug[39m: fromDirectory
17:04:16 - [34mdebug[39m: loadFilesContents
17:04:16 - [34mdebug[39m: loadFilesContents
17:04:16 - [34mdebug[39m: loadFilesContents
17:04:16 - [34mdebug[39m: loadFilesContents
17:04:16 - [34mdebug[39m: loadFilesContents
17:04:16 - [34mdebug[39m: loadFileContents
17:04:16 - [34mdebug[39m: fromDirectory
17:04:16 - [34mdebug[39m: loadFilesContents
17:04:16 - [34mdebug[39m: loadFilesContents
17:04:16 - [34mdebug[39m: loadFilesContents
17:04:16 - [34mdebug[39m: loadFilesContents
17:04:16 - [34mdebug[39m: loadFilesContents
17:04:16 - [34mdebug[39m: loadFileContents
17:04:16 - [34mdebug[39m: loadFileContents
17:04:16 - [34mdebug[39m: loadFileContents
17:04:16 - [34mdebug[39m: loadFileContents
17:04:16 - [34mdebug[39m: loadFileContents
17:04:18 - [34mdebug[39m: fromDirectory
17:04:18 - [34mdebug[39m: loadFileContents
17:04:18 - [34mdebug[39m: fromDirectory
17:04:18 - [34mdebug[39m: fromDirectory
17:04:18 - [34mdebug[39m: loadFilesContents
17:04:18 - [34mdebug[39m: loadFilesContents
17:04:18 - [34mdebug[39m: loadFilesContents
17:04:18 - [34mdebug[39m: loadFilesContents
17:04:18 - [34mdebug[39m: loadFilesContents
17:04:18 - [34mdebug[39m: loadFileContents
17:04:19 - [34mdebug[39m: Setting clause data: {"$class":"org.accordproject.penalty.PenaltyContract","buyer":{"$class":"org.accordproject.cicero.contract.AccordParty","partyId":"Entity A"},"seller":{"$class":"org.accordproject.cicero.contract.AccordParty","partyId":"Entity B"},"penaltyDuration":{"$class":"org.accordproject.time.Duration","amount":5,"unit":"days"},"penaltyPercentage":5,"contractId":"c2159b52-f7af-4c99-96e9-c5213ca003a8"}
17:04:19 - [33mwarn[39m: A state file was not provided, initializing state. Try the --state flag or create a state.json in the root folder of your template.
17:04:19 - [34mdebug[39m: Engine processing clause init with state org.accordproject.cicero.contract.AccordContractState
17:04:19 - [31merror[39m: Namespace is not defined for type org.accordproject.simplelatedeliveryandpenalty.SimpleLateDeliveryAndPenaltyRequest
11:01:36 - [32minfo[39m: Using current directory as template folder
11:01:36 - [32minfo[39m: Loading a default text/sample.md file.
11:01:36 - [34mdebug[39m: loadFileContents
11:01:36 - [34mdebug[39m: loadFileBuffer
11:01:36 - [34mdebug[39m: loadFileContents
11:01:36 - [34mdebug[39m: loadFileContents
11:01:36 - [34mdebug[39m: fromDirectory
11:01:36 - [34mdebug[39m: loadFilesContents
11:01:36 - [34mdebug[39m: loadFilesContents
11:01:36 - [34mdebug[39m: loadFilesContents
11:01:36 - [34mdebug[39m: loadFilesContents
11:01:36 - [34mdebug[39m: loadFilesContents
11:01:36 - [34mdebug[39m: loadFileContents
11:01:36 - [34mdebug[39m: fromDirectory
11:01:36 - [34mdebug[39m: loadFilesContents
11:01:36 - [34mdebug[39m: loadFilesContents
11:01:36 - [34mdebug[39m: loadFilesContents
11:01:36 - [34mdebug[39m: loadFilesContents
11:01:36 - [34mdebug[39m: loadFilesContents
11:01:36 - [34mdebug[39m: loadFileContents
11:01:36 - [34mdebug[39m: loadFileContents
11:01:36 - [34mdebug[39m: loadFileContents
11:01:36 - [34mdebug[39m: loadFileContents
11:01:36 - [34mdebug[39m: loadFileContents
11:01:38 - [34mdebug[39m: fromDirectory
11:01:38 - [34mdebug[39m: loadFileContents
11:01:38 - [34mdebug[39m: fromDirectory
11:01:38 - [34mdebug[39m: fromDirectory
11:01:38 - [34mdebug[39m: loadFilesContents
11:01:38 - [34mdebug[39m: loadFilesContents
11:01:38 - [34mdebug[39m: loadFilesContents
11:01:38 - [34mdebug[39m: loadFilesContents
11:01:38 - [34mdebug[39m: loadFilesContents
11:01:38 - [34mdebug[39m: loadFileContents
11:01:39 - [34mdebug[39m: Setting clause data: {"$class":"org.accordproject.penalty.PenaltyContract","buyer":{"$class":"org.accordproject.cicero.contract.AccordParty","partyId":"Entity A"},"seller":{"$class":"org.accordproject.cicero.contract.AccordParty","partyId":"Entity B"},"penaltyDuration":{"$class":"org.accordproject.time.Duration","amount":5,"unit":"days"},"penaltyPercentage":5,"contractId":"826e53db-677e-4ceb-b909-1205367fecb4"}
11:01:39 - [32minfo[39m:
[33m{[39m
  [33m"[39m[32m$class[39m[33m"[39m[33m: [39m[33m"[39m[35morg.accordproject.penalty.PenaltyContract[39m[33m"[39m[33m,[39m
  [33m"[39m[32mbuyer[39m[33m"[39m[33m: [39m[33m{[39m
    [33m"[39m[32m$class[39m[33m"[39m[33m: [39m[33m"[39m[35morg.accordproject.cicero.contract.AccordParty[39m[33m"[39m[33m,[39m
    [33m"[39m[32mpartyId[39m[33m"[39m[33m: [39m[33m"[39m[35mEntity A[39m[33m"[39m
  [33m}[39m[33m,[39m
  [33m"[39m[32mseller[39m[33m"[39m[33m: [39m[33m{[39m
    [33m"[39m[32m$class[39m[33m"[39m[33m: [39m[33m"[39m[35morg.accordproject.cicero.contract.AccordParty[39m[33m"[39m[33m,[39m
    [33m"[39m[32mpartyId[39m[33m"[39m[33m: [39m[33m"[39m[35mEntity B[39m[33m"[39m
  [33m}[39m[33m,[39m
  [33m"[39m[32mpenaltyDuration[39m[33m"[39m[33m: [39m[33m{[39m
    [33m"[39m[32m$class[39m[33m"[39m[33m: [39m[33m"[39m[35morg.accordproject.time.Duration[39m[33m"[39m[33m,[39m
    [33m"[39m[32mamount[39m[33m"[39m[33m: [39m[36m5[39m[33m,[39m
    [33m"[39m[32munit[39m[33m"[39m[33m: [39m[33m"[39m[35mdays[39m[33m"[39m
  [33m}[39m[33m,[39m
  [33m"[39m[32mpenaltyPercentage[39m[33m"[39m[33m: [39m[36m5[39m[33m,[39m
  [33m"[39m[32mcontractId[39m[33m"[39m[33m: [39m[33m"[39m[35m826e53db-677e-4ceb-b909-1205367fecb4[39m[33m"[39m
[33m}[39m
11:03:01 - [32minfo[39m: Using current directory as template folder
11:03:01 - [32minfo[39m: Loading a default text/sample.md file.
11:03:01 - [32minfo[39m: Loading a default request.json file.
11:03:01 - [34mdebug[39m: loadFileContents
11:03:01 - [34mdebug[39m: loadFileBuffer
11:03:01 - [34mdebug[39m: loadFileContents
11:03:01 - [34mdebug[39m: loadFileContents
11:03:01 - [34mdebug[39m: fromDirectory
11:03:01 - [34mdebug[39m: loadFilesContents
11:03:01 - [34mdebug[39m: loadFilesContents
11:03:01 - [34mdebug[39m: loadFilesContents
11:03:01 - [34mdebug[39m: loadFilesContents
11:03:01 - [34mdebug[39m: loadFilesContents
11:03:01 - [34mdebug[39m: loadFileContents
11:03:01 - [34mdebug[39m: fromDirectory
11:03:01 - [34mdebug[39m: loadFilesContents
11:03:01 - [34mdebug[39m: loadFilesContents
11:03:01 - [34mdebug[39m: loadFilesContents
11:03:01 - [34mdebug[39m: loadFilesContents
11:03:01 - [34mdebug[39m: loadFilesContents
11:03:01 - [34mdebug[39m: loadFileContents
11:03:01 - [34mdebug[39m: loadFileContents
11:03:01 - [34mdebug[39m: loadFileContents
11:03:01 - [34mdebug[39m: loadFileContents
11:03:01 - [34mdebug[39m: loadFileContents
11:03:03 - [34mdebug[39m: fromDirectory
11:03:03 - [34mdebug[39m: loadFileContents
11:03:03 - [34mdebug[39m: fromDirectory
11:03:03 - [34mdebug[39m: fromDirectory
11:03:03 - [34mdebug[39m: loadFilesContents
11:03:03 - [34mdebug[39m: loadFilesContents
11:03:03 - [34mdebug[39m: loadFilesContents
11:03:03 - [34mdebug[39m: loadFilesContents
11:03:03 - [34mdebug[39m: loadFilesContents
11:03:03 - [34mdebug[39m: loadFileContents
11:03:04 - [34mdebug[39m: Setting clause data: {"$class":"org.accordproject.penalty.PenaltyContract","buyer":{"$class":"org.accordproject.cicero.contract.AccordParty","partyId":"Entity A"},"seller":{"$class":"org.accordproject.cicero.contract.AccordParty","partyId":"Entity B"},"penaltyDuration":{"$class":"org.accordproject.time.Duration","amount":5,"unit":"days"},"penaltyPercentage":5,"contractId":"d59e162f-9fff-456c-b10a-27eec05d3f03"}
11:03:04 - [33mwarn[39m: A state file was not provided, initializing state. Try the --state flag or create a state.json in the root folder of your template.
11:03:04 - [34mdebug[39m: Engine processing clause init with state org.accordproject.cicero.contract.AccordContractState
11:03:04 - [31merror[39m: Namespace is not defined for type org.accordproject.simplelatedeliveryandpenalty.SimpleLateDeliveryAndPenaltyRequest
11:26:57 - [32minfo[39m: Using current directory as template folder
11:26:57 - [32minfo[39m: Loading a default text/sample.md file.
11:26:57 - [32minfo[39m: Loading a default request.json file.
11:26:57 - [34mdebug[39m: loadFileContents
11:26:57 - [34mdebug[39m: loadFileBuffer
11:26:57 - [34mdebug[39m: loadFileContents
11:26:57 - [34mdebug[39m: loadFileContents
11:26:57 - [34mdebug[39m: fromDirectory
11:26:57 - [34mdebug[39m: loadFilesContents
11:26:57 - [34mdebug[39m: loadFilesContents
11:26:57 - [34mdebug[39m: loadFilesContents
11:26:57 - [34mdebug[39m: loadFilesContents
11:26:57 - [34mdebug[39m: loadFilesContents
11:26:57 - [34mdebug[39m: loadFileContents
11:26:57 - [34mdebug[39m: fromDirectory
11:26:57 - [34mdebug[39m: loadFilesContents
11:26:57 - [34mdebug[39m: loadFilesContents
11:26:57 - [34mdebug[39m: loadFilesContents
11:26:57 - [34mdebug[39m: loadFilesContents
11:26:57 - [34mdebug[39m: loadFilesContents
11:26:57 - [34mdebug[39m: loadFileContents
11:26:57 - [34mdebug[39m: loadFileContents
11:26:57 - [34mdebug[39m: loadFileContents
11:26:57 - [34mdebug[39m: loadFileContents
11:26:57 - [34mdebug[39m: loadFileContents
11:26:59 - [34mdebug[39m: fromDirectory
11:26:59 - [34mdebug[39m: loadFileContents
11:26:59 - [34mdebug[39m: fromDirectory
11:26:59 - [34mdebug[39m: fromDirectory
11:26:59 - [34mdebug[39m: loadFilesContents
11:26:59 - [34mdebug[39m: loadFilesContents
11:26:59 - [34mdebug[39m: loadFilesContents
11:26:59 - [34mdebug[39m: loadFilesContents
11:26:59 - [34mdebug[39m: loadFilesContents
11:26:59 - [34mdebug[39m: loadFileContents
11:27:00 - [34mdebug[39m: Setting clause data: {"$class":"org.accordproject.penalty.PenaltyContract","buyer":{"$class":"org.accordproject.cicero.contract.AccordParty","partyId":"Entity A"},"seller":{"$class":"org.accordproject.cicero.contract.AccordParty","partyId":"Entity B"},"penaltyDuration":{"$class":"org.accordproject.time.Duration","amount":5,"unit":"days"},"penaltyPercentage":5,"contractId":"ae0097c5-36be-46a5-951a-df4da5e2dbec"}
11:27:00 - [33mwarn[39m: A state file was not provided, initializing state. Try the --state flag or create a state.json in the root folder of your template.
11:27:00 - [34mdebug[39m: Engine processing clause init with state org.accordproject.cicero.contract.AccordContractState
11:27:00 - [34mdebug[39m: Engine processing request org.accordproject.penalty.PenaltyRequest with state org.accordproject.cicero.contract.AccordContractState
11:27:00 - [32minfo[39m:
[33m{[39m
  [33m"[39m[32mclause[39m[33m"[39m[33m: [39m[33m"[39m[35msimplelatedeliveryandpenalty@0.9.0-b2275c7097c7cc1c800b200b151cf0f6d3e8e0c98ee887a75533c5a5ee7d0710[39m[33m"[39m[33m,[39m
  [33m"[39m[32mrequest[39m[33m"[39m[33m: [39m[33m{[39m
    [33m"[39m[32m$class[39m[33m"[39m[33m: [39m[33m"[39m[35morg.accordproject.penalty.PenaltyRequest[39m[33m"[39m[33m,[39m
    [33m"[39m[32magreedDelivery[39m[33m"[39m[33m: [39m[33m"[39m[35m2017-12-17T03:24:00-05:00[39m[33m"[39m[33m,[39m
    [33m"[39m[32mdeliveredAt[39m[33m"[39m[33m: [39m[33m"[39m[35m2020-12-17[39m[33m"[39m[33m,[39m
    [33m"[39m[32mgoodsValue[39m[33m"[39m[33m: [39m[36m200[39m
  [33m}[39m[33m,[39m
  [33m"[39m[32mresponse[39m[33m"[39m[33m: [39m[33m{[39m
    [33m"[39m[32m$class[39m[33m"[39m[33m: [39m[33m"[39m[35morg.accordproject.penalty.PenaltyResponse[39m[33m"[39m[33m,[39m
    [33m"[39m[32mpenalty[39m[33m"[39m[33m: [39m[36m2470[39m[33m,[39m
    [33m"[39m[32mtransactionId[39m[33m"[39m[33m: [39m[33m"[39m[35m833155a1-d860-4ad0-a988-0fc9911c3db9[39m[33m"[39m[33m,[39m
    [33m"[39m[32mtimestamp[39m[33m"[39m[33m: [39m[33m"[39m[35m2021-05-05T10:27:00.542Z[39m[33m"[39m
  [33m}[39m[33m,[39m
  [33m"[39m[32mstate[39m[33m"[39m[33m: [39m[33m{[39m
    [33m"[39m[32m$class[39m[33m"[39m[33m: [39m[33m"[39m[35morg.accordproject.cicero.contract.AccordContractState[39m[33m"[39m[33m,[39m
    [33m"[39m[32mstateId[39m[33m"[39m[33m: [39m[33m"[39m[35morg.accordproject.cicero.contract.AccordContractState#1[39m[33m"[39m
  [33m}[39m[33m,[39m
  [33m"[39m[32memit[39m[33m"[39m[33m: [39m[33m[[39m
    [33m{[39m
      [33m"[39m[32m$class[39m[33m"[39m[33m: [39m[33m"[39m[35morg.accordproject.cicero.runtime.PaymentObligation[39m[33m"[39m[33m,[39m
      [33m"[39m[32mamount[39m[33m"[39m[33m: [39m[33m{[39m
        [33m"[39m[32m$class[39m[33m"[39m[33m: [39m[33m"[39m[35morg.accordproject.money.MonetaryAmount[39m[33m"[39m[33m,[39m
        [33m"[39m[32mdoubleValue[39m[33m"[39m[33m: [39m[36m2470[39m[33m,[39m
        [33m"[39m[32mcurrencyCode[39m[33m"[39m[33m: [39m[33m"[39m[35mEUR[39m[33m"[39m
      [33m}[39m[33m,[39m
      [33m"[39m[32mdescription[39m[33m"[39m[33m: [39m[33m"[39m[35mEntity B should pay penalty amount to Entity A[39m[33m"[39m[33m,[39m
      [33m"[39m[32mcontract[39m[33m"[39m[33m: [39m[33m"[39m[35mresource:org.accordproject.penalty.PenaltyContract#ae0097c5-36be-46a5-951a-df4da5e2dbec[39m[33m"[39m[33m,[39m
      [33m"[39m[32mpromisor[39m[33m"[39m[33m: [39m[33m"[39m[35mresource:org.accordproject.cicero.contract.AccordParty#Entity%20B[39m[33m"[39m[33m,[39m
      [33m"[39m[32mpromisee[39m[33m"[39m[33m: [39m[33m"[39m[35mresource:org.accordproject.cicero.contract.AccordParty#Entity%20A[39m[33m"[39m[33m,[39m
      [33m"[39m[32meventId[39m[33m"[39m[33m: [39m[33m"[39m[35mvalid[39m[33m"[39m[33m,[39m
      [33m"[39m[32mtimestamp[39m[33m"[39m[33m: [39m[33m"[39m[35m2021-05-05T10:27:00.544Z[39m[33m"[39m
    [33m}[39m
  [33m][39m
[33m}[39m
11:28:11 - [32minfo[39m: Using current directory as template folder
11:28:11 - [32minfo[39m: Loading a default text/sample.md file.
11:28:11 - [32minfo[39m: Loading a default request.json file.
11:28:11 - [34mdebug[39m: loadFileContents
11:28:11 - [34mdebug[39m: loadFileBuffer
11:28:11 - [34mdebug[39m: loadFileContents
11:28:11 - [34mdebug[39m: loadFileContents
11:28:11 - [34mdebug[39m: fromDirectory
11:28:11 - [34mdebug[39m: loadFilesContents
11:28:11 - [34mdebug[39m: loadFilesContents
11:28:11 - [34mdebug[39m: loadFilesContents
11:28:11 - [34mdebug[39m: loadFilesContents
11:28:11 - [34mdebug[39m: loadFilesContents
11:28:11 - [34mdebug[39m: loadFileContents
11:28:11 - [34mdebug[39m: fromDirectory
11:28:11 - [34mdebug[39m: loadFilesContents
11:28:11 - [34mdebug[39m: loadFilesContents
11:28:11 - [34mdebug[39m: loadFilesContents
11:28:11 - [34mdebug[39m: loadFilesContents
11:28:11 - [34mdebug[39m: loadFilesContents
11:28:11 - [34mdebug[39m: loadFileContents
11:28:11 - [34mdebug[39m: loadFileContents
11:28:11 - [34mdebug[39m: loadFileContents
11:28:11 - [34mdebug[39m: loadFileContents
11:28:11 - [34mdebug[39m: loadFileContents
11:28:12 - [34mdebug[39m: fromDirectory
11:28:12 - [34mdebug[39m: loadFileContents
11:28:12 - [34mdebug[39m: fromDirectory
11:28:12 - [34mdebug[39m: fromDirectory
11:28:12 - [34mdebug[39m: loadFilesContents
11:28:12 - [34mdebug[39m: loadFilesContents
11:28:12 - [34mdebug[39m: loadFilesContents
11:28:12 - [34mdebug[39m: loadFilesContents
11:28:12 - [34mdebug[39m: loadFilesContents
11:28:12 - [34mdebug[39m: loadFileContents
11:28:14 - [34mdebug[39m: Setting clause data: {"$class":"org.accordproject.penalty.PenaltyContract","buyer":{"$class":"org.accordproject.cicero.contract.AccordParty","partyId":"Entity A"},"seller":{"$class":"org.accordproject.cicero.contract.AccordParty","partyId":"Entity B"},"penaltyDuration":{"$class":"org.accordproject.time.Duration","amount":5,"unit":"days"},"penaltyPercentage":5,"contractId":"44343e08-8ff5-4d68-9d38-e42c47c43549"}
11:28:14 - [33mwarn[39m: A state file was not provided, initializing state. Try the --state flag or create a state.json in the root folder of your template.
11:28:14 - [34mdebug[39m: Engine processing clause init with state org.accordproject.cicero.contract.AccordContractState
11:28:14 - [34mdebug[39m: Engine processing request org.accordproject.penalty.PenaltyRequest with state org.accordproject.cicero.contract.AccordContractState
11:28:14 - [32minfo[39m:
[33m{[39m
  [33m"[39m[32mclause[39m[33m"[39m[33m: [39m[33m"[39m[35msimplelatedeliveryandpenalty@0.9.0-3109ca4b8440925cfee78fa8e4e5e233252e31dc0c208880b0e755ce6e7ac62f[39m[33m"[39m[33m,[39m
  [33m"[39m[32mrequest[39m[33m"[39m[33m: [39m[33m{[39m
    [33m"[39m[32m$class[39m[33m"[39m[33m: [39m[33m"[39m[35morg.accordproject.penalty.PenaltyRequest[39m[33m"[39m[33m,[39m
    [33m"[39m[32magreedDelivery[39m[33m"[39m[33m: [39m[33m"[39m[35m2017-12-17T03:24:00-05:00[39m[33m"[39m[33m,[39m
    [33m"[39m[32mdeliveredAt[39m[33m"[39m[33m: [39m[33m"[39m[35m2017-12-18[39m[33m"[39m[33m,[39m
    [33m"[39m[32mgoodsValue[39m[33m"[39m[33m: [39m[36m200[39m
  [33m}[39m[33m,[39m
  [33m"[39m[32mresponse[39m[33m"[39m[33m: [39m[33m{[39m
    [33m"[39m[32m$class[39m[33m"[39m[33m: [39m[33m"[39m[35morg.accordproject.penalty.PenaltyResponse[39m[33m"[39m[33m,[39m
    [33m"[39m[32mpenalty[39m[33m"[39m[33m: [39m[36m2470[39m[33m,[39m
    [33m"[39m[32mtransactionId[39m[33m"[39m[33m: [39m[33m"[39m[35m983eb663-fa20-470f-872a-f6c341654aaa[39m[33m"[39m[33m,[39m
    [33m"[39m[32mtimestamp[39m[33m"[39m[33m: [39m[33m"[39m[35m2021-05-05T10:28:14.198Z[39m[33m"[39m
  [33m}[39m[33m,[39m
  [33m"[39m[32mstate[39m[33m"[39m[33m: [39m[33m{[39m
    [33m"[39m[32m$class[39m[33m"[39m[33m: [39m[33m"[39m[35morg.accordproject.cicero.contract.AccordContractState[39m[33m"[39m[33m,[39m
    [33m"[39m[32mstateId[39m[33m"[39m[33m: [39m[33m"[39m[35morg.accordproject.cicero.contract.AccordContractState#1[39m[33m"[39m
  [33m}[39m[33m,[39m
  [33m"[39m[32memit[39m[33m"[39m[33m: [39m[33m[[39m
    [33m{[39m
      [33m"[39m[32m$class[39m[33m"[39m[33m: [39m[33m"[39m[35morg.accordproject.cicero.runtime.PaymentObligation[39m[33m"[39m[33m,[39m
      [33m"[39m[32mamount[39m[33m"[39m[33m: [39m[33m{[39m
        [33m"[39m[32m$class[39m[33m"[39m[33m: [39m[33m"[39m[35morg.accordproject.money.MonetaryAmount[39m[33m"[39m[33m,[39m
        [33m"[39m[32mdoubleValue[39m[33m"[39m[33m: [39m[36m2470[39m[33m,[39m
        [33m"[39m[32mcurrencyCode[39m[33m"[39m[33m: [39m[33m"[39m[35mEUR[39m[33m"[39m
      [33m}[39m[33m,[39m
      [33m"[39m[32mdescription[39m[33m"[39m[33m: [39m[33m"[39m[35mEntity B should pay penalty amount to Entity A[39m[33m"[39m[33m,[39m
      [33m"[39m[32mcontract[39m[33m"[39m[33m: [39m[33m"[39m[35mresource:org.accordproject.penalty.PenaltyContract#44343e08-8ff5-4d68-9d38-e42c47c43549[39m[33m"[39m[33m,[39m
      [33m"[39m[32mpromisor[39m[33m"[39m[33m: [39m[33m"[39m[35mresource:org.accordproject.cicero.contract.AccordParty#Entity%20B[39m[33m"[39m[33m,[39m
      [33m"[39m[32mpromisee[39m[33m"[39m[33m: [39m[33m"[39m[35mresource:org.accordproject.cicero.contract.AccordParty#Entity%20A[39m[33m"[39m[33m,[39m
      [33m"[39m[32meventId[39m[33m"[39m[33m: [39m[33m"[39m[35mvalid[39m[33m"[39m[33m,[39m
      [33m"[39m[32mtimestamp[39m[33m"[39m[33m: [39m[33m"[39m[35m2021-05-05T10:28:14.200Z[39m[33m"[39m
    [33m}[39m
  [33m][39m
[33m}[39m
11:28:49 - [32minfo[39m: Using current directory as template folder
11:28:50 - [32minfo[39m: Loading a default text/sample.md file.
11:28:50 - [32minfo[39m: Loading a default request.json file.
11:28:50 - [34mdebug[39m: loadFileContents
11:28:50 - [34mdebug[39m: loadFileBuffer
11:28:50 - [34mdebug[39m: loadFileContents
11:28:50 - [34mdebug[39m: loadFileContents
11:28:50 - [34mdebug[39m: fromDirectory
11:28:50 - [34mdebug[39m: loadFilesContents
11:28:50 - [34mdebug[39m: loadFilesContents
11:28:50 - [34mdebug[39m: loadFilesContents
11:28:50 - [34mdebug[39m: loadFilesContents
11:28:50 - [34mdebug[39m: loadFilesContents
11:28:50 - [34mdebug[39m: loadFileContents
11:28:50 - [34mdebug[39m: fromDirectory
11:28:50 - [34mdebug[39m: loadFilesContents
11:28:50 - [34mdebug[39m: loadFilesContents
11:28:50 - [34mdebug[39m: loadFilesContents
11:28:50 - [34mdebug[39m: loadFilesContents
11:28:50 - [34mdebug[39m: loadFilesContents
11:28:50 - [34mdebug[39m: loadFileContents
11:28:50 - [34mdebug[39m: loadFileContents
11:28:50 - [34mdebug[39m: loadFileContents
11:28:50 - [34mdebug[39m: loadFileContents
11:28:50 - [34mdebug[39m: loadFileContents
11:28:53 - [34mdebug[39m: fromDirectory
11:28:53 - [34mdebug[39m: loadFileContents
11:28:53 - [34mdebug[39m: fromDirectory
11:28:53 - [34mdebug[39m: fromDirectory
11:28:53 - [34mdebug[39m: loadFilesContents
11:28:53 - [34mdebug[39m: loadFilesContents
11:28:53 - [34mdebug[39m: loadFilesContents
11:28:53 - [34mdebug[39m: loadFilesContents
11:28:53 - [34mdebug[39m: loadFilesContents
11:28:53 - [34mdebug[39m: loadFileContents
11:28:54 - [34mdebug[39m: Setting clause data: {"$class":"org.accordproject.penalty.PenaltyContract","buyer":{"$class":"org.accordproject.cicero.contract.AccordParty","partyId":"Entity A"},"seller":{"$class":"org.accordproject.cicero.contract.AccordParty","partyId":"Entity B"},"penaltyDuration":{"$class":"org.accordproject.time.Duration","amount":5,"unit":"days"},"penaltyPercentage":5,"contractId":"7aa88680-7a2e-4365-a5b1-444c5706f91b"}
11:28:54 - [33mwarn[39m: A state file was not provided, initializing state. Try the --state flag or create a state.json in the root folder of your template.
11:28:54 - [34mdebug[39m: Engine processing clause init with state org.accordproject.cicero.contract.AccordContractState
11:28:54 - [34mdebug[39m: Engine processing request org.accordproject.penalty.PenaltyRequest with state org.accordproject.cicero.contract.AccordContractState
11:28:54 - [32minfo[39m:
[33m{[39m
  [33m"[39m[32mclause[39m[33m"[39m[33m: [39m[33m"[39m[35msimplelatedeliveryandpenalty@0.9.0-068d545a6860cf276e2c7c6e6e1d9c8f83f8bf62785a6d88f26b1688b5b3e4d8[39m[33m"[39m[33m,[39m
  [33m"[39m[32mrequest[39m[33m"[39m[33m: [39m[33m{[39m
    [33m"[39m[32m$class[39m[33m"[39m[33m: [39m[33m"[39m[35morg.accordproject.penalty.PenaltyRequest[39m[33m"[39m[33m,[39m
    [33m"[39m[32magreedDelivery[39m[33m"[39m[33m: [39m[33m"[39m[35m2017-12-17T03:24:00-05:00[39m[33m"[39m[33m,[39m
    [33m"[39m[32mdeliveredAt[39m[33m"[39m[33m: [39m[33m"[39m[35m2017-12-18[39m[33m"[39m[33m,[39m
    [33m"[39m[32mgoodsValue[39m[33m"[39m[33m: [39m[36m100[39m
  [33m}[39m[33m,[39m
  [33m"[39m[32mresponse[39m[33m"[39m[33m: [39m[33m{[39m
    [33m"[39m[32m$class[39m[33m"[39m[33m: [39m[33m"[39m[35morg.accordproject.penalty.PenaltyResponse[39m[33m"[39m[33m,[39m
    [33m"[39m[32mpenalty[39m[33m"[39m[33m: [39m[36m1235[39m[33m,[39m
    [33m"[39m[32mtransactionId[39m[33m"[39m[33m: [39m[33m"[39m[35m30086570-0ebc-45a0-ad23-608634ad98a2[39m[33m"[39m[33m,[39m
    [33m"[39m[32mtimestamp[39m[33m"[39m[33m: [39m[33m"[39m[35m2021-05-05T10:28:54.426Z[39m[33m"[39m
  [33m}[39m[33m,[39m
  [33m"[39m[32mstate[39m[33m"[39m[33m: [39m[33m{[39m
    [33m"[39m[32m$class[39m[33m"[39m[33m: [39m[33m"[39m[35morg.accordproject.cicero.contract.AccordContractState[39m[33m"[39m[33m,[39m
    [33m"[39m[32mstateId[39m[33m"[39m[33m: [39m[33m"[39m[35morg.accordproject.cicero.contract.AccordContractState#1[39m[33m"[39m
  [33m}[39m[33m,[39m
  [33m"[39m[32memit[39m[33m"[39m[33m: [39m[33m[[39m
    [33m{[39m
      [33m"[39m[32m$class[39m[33m"[39m[33m: [39m[33m"[39m[35morg.accordproject.cicero.runtime.PaymentObligation[39m[33m"[39m[33m,[39m
      [33m"[39m[32mamount[39m[33m"[39m[33m: [39m[33m{[39m
        [33m"[39m[32m$class[39m[33m"[39m[33m: [39m[33m"[39m[35morg.accordproject.money.MonetaryAmount[39m[33m"[39m[33m,[39m
        [33m"[39m[32mdoubleValue[39m[33m"[39m[33m: [39m[36m1235[39m[33m,[39m
        [33m"[39m[32mcurrencyCode[39m[33m"[39m[33m: [39m[33m"[39m[35mEUR[39m[33m"[39m
      [33m}[39m[33m,[39m
      [33m"[39m[32mdescription[39m[33m"[39m[33m: [39m[33m"[39m[35mEntity B should pay penalty amount to Entity A[39m[33m"[39m[33m,[39m
      [33m"[39m[32mcontract[39m[33m"[39m[33m: [39m[33m"[39m[35mresource:org.accordproject.penalty.PenaltyContract#7aa88680-7a2e-4365-a5b1-444c5706f91b[39m[33m"[39m[33m,[39m
      [33m"[39m[32mpromisor[39m[33m"[39m[33m: [39m[33m"[39m[35mresource:org.accordproject.cicero.contract.AccordParty#Entity%20B[39m[33m"[39m[33m,[39m
      [33m"[39m[32mpromisee[39m[33m"[39m[33m: [39m[33m"[39m[35mresource:org.accordproject.cicero.contract.AccordParty#Entity%20A[39m[33m"[39m[33m,[39m
      [33m"[39m[32meventId[39m[33m"[39m[33m: [39m[33m"[39m[35mvalid[39m[33m"[39m[33m,[39m
      [33m"[39m[32mtimestamp[39m[33m"[39m[33m: [39m[33m"[39m[35m2021-05-05T10:28:54.428Z[39m[33m"[39m
    [33m}[39m
  [33m][39m
[33m}[39m
11:29:43 - [32minfo[39m: Using current directory as template folder
11:29:43 - [32minfo[39m: Loading a default text/sample.md file.
11:29:43 - [32minfo[39m: Loading a default request.json file.
11:29:43 - [34mdebug[39m: loadFileContents
11:29:43 - [34mdebug[39m: loadFileBuffer
11:29:43 - [34mdebug[39m: loadFileContents
11:29:43 - [34mdebug[39m: loadFileContents
11:29:43 - [34mdebug[39m: fromDirectory
11:29:43 - [34mdebug[39m: loadFilesContents
11:29:43 - [34mdebug[39m: loadFilesContents
11:29:43 - [34mdebug[39m: loadFilesContents
11:29:43 - [34mdebug[39m: loadFilesContents
11:29:43 - [34mdebug[39m: loadFilesContents
11:29:43 - [34mdebug[39m: loadFileContents
11:29:43 - [34mdebug[39m: fromDirectory
11:29:43 - [34mdebug[39m: loadFilesContents
11:29:43 - [34mdebug[39m: loadFilesContents
11:29:43 - [34mdebug[39m: loadFilesContents
11:29:43 - [34mdebug[39m: loadFilesContents
11:29:43 - [34mdebug[39m: loadFilesContents
11:29:43 - [34mdebug[39m: loadFileContents
11:29:43 - [34mdebug[39m: loadFileContents
11:29:43 - [34mdebug[39m: loadFileContents
11:29:43 - [34mdebug[39m: loadFileContents
11:29:43 - [34mdebug[39m: loadFileContents
11:29:45 - [34mdebug[39m: fromDirectory
11:29:45 - [34mdebug[39m: loadFileContents
11:29:45 - [34mdebug[39m: fromDirectory
11:29:45 - [34mdebug[39m: fromDirectory
11:29:45 - [34mdebug[39m: loadFilesContents
11:29:45 - [34mdebug[39m: loadFilesContents
11:29:45 - [34mdebug[39m: loadFilesContents
11:29:45 - [34mdebug[39m: loadFilesContents
11:29:45 - [34mdebug[39m: loadFilesContents
11:29:45 - [34mdebug[39m: loadFileContents
11:29:46 - [34mdebug[39m: Setting clause data: {"$class":"org.accordproject.penalty.PenaltyContract","buyer":{"$class":"org.accordproject.cicero.contract.AccordParty","partyId":"Entity A"},"seller":{"$class":"org.accordproject.cicero.contract.AccordParty","partyId":"Entity B"},"penaltyDuration":{"$class":"org.accordproject.time.Duration","amount":5,"unit":"days"},"penaltyPercentage":5,"contractId":"5ba6c6fc-6f82-4a63-93d2-4bafc80d60a5"}
11:29:46 - [33mwarn[39m: A state file was not provided, initializing state. Try the --state flag or create a state.json in the root folder of your template.
11:29:46 - [34mdebug[39m: Engine processing clause init with state org.accordproject.cicero.contract.AccordContractState
11:29:46 - [34mdebug[39m: Engine processing request org.accordproject.penalty.PenaltyRequest with state org.accordproject.cicero.contract.AccordContractState
11:29:46 - [32minfo[39m:
[36m247[39m
11:29:46 - [32minfo[39m:
[33m{[39m
  [33m"[39m[32mclause[39m[33m"[39m[33m: [39m[33m"[39m[35msimplelatedeliveryandpenalty@0.9.0-6d7bbb0833d8ee2e84b8a6d1f9d0dc13e11479023678e2c6dde14f1a183bef0e[39m[33m"[39m[33m,[39m
  [33m"[39m[32mrequest[39m[33m"[39m[33m: [39m[33m{[39m
    [33m"[39m[32m$class[39m[33m"[39m[33m: [39m[33m"[39m[35morg.accordproject.penalty.PenaltyRequest[39m[33m"[39m[33m,[39m
    [33m"[39m[32magreedDelivery[39m[33m"[39m[33m: [39m[33m"[39m[35m2017-12-17T03:24:00-05:00[39m[33m"[39m[33m,[39m
    [33m"[39m[32mdeliveredAt[39m[33m"[39m[33m: [39m[33m"[39m[35m2017-12-18[39m[33m"[39m[33m,[39m
    [33m"[39m[32mgoodsValue[39m[33m"[39m[33m: [39m[36m100[39m
  [33m}[39m[33m,[39m
  [33m"[39m[32mresponse[39m[33m"[39m[33m: [39m[33m{[39m
    [33m"[39m[32m$class[39m[33m"[39m[33m: [39m[33m"[39m[35morg.accordproject.penalty.PenaltyResponse[39m[33m"[39m[33m,[39m
    [33m"[39m[32mpenalty[39m[33m"[39m[33m: [39m[36m1235[39m[33m,[39m
    [33m"[39m[32mtransactionId[39m[33m"[39m[33m: [39m[33m"[39m[35mead1adf6-4696-444e-8c3f-42f562e72520[39m[33m"[39m[33m,[39m
    [33m"[39m[32mtimestamp[39m[33m"[39m[33m: [39m[33m"[39m[35m2021-05-05T10:29:46.695Z[39m[33m"[39m
  [33m}[39m[33m,[39m
  [33m"[39m[32mstate[39m[33m"[39m[33m: [39m[33m{[39m
    [33m"[39m[32m$class[39m[33m"[39m[33m: [39m[33m"[39m[35morg.accordproject.cicero.contract.AccordContractState[39m[33m"[39m[33m,[39m
    [33m"[39m[32mstateId[39m[33m"[39m[33m: [39m[33m"[39m[35morg.accordproject.cicero.contract.AccordContractState#1[39m[33m"[39m
  [33m}[39m[33m,[39m
  [33m"[39m[32memit[39m[33m"[39m[33m: [39m[33m[[39m
    [33m{[39m
      [33m"[39m[32m$class[39m[33m"[39m[33m: [39m[33m"[39m[35morg.accordproject.cicero.runtime.PaymentObligation[39m[33m"[39m[33m,[39m
      [33m"[39m[32mamount[39m[33m"[39m[33m: [39m[33m{[39m
        [33m"[39m[32m$class[39m[33m"[39m[33m: [39m[33m"[39m[35morg.accordproject.money.MonetaryAmount[39m[33m"[39m[33m,[39m
        [33m"[39m[32mdoubleValue[39m[33m"[39m[33m: [39m[36m1235[39m[33m,[39m
        [33m"[39m[32mcurrencyCode[39m[33m"[39m[33m: [39m[33m"[39m[35mEUR[39m[33m"[39m
      [33m}[39m[33m,[39m
      [33m"[39m[32mdescription[39m[33m"[39m[33m: [39m[33m"[39m[35mEntity B should pay penalty amount to Entity A[39m[33m"[39m[33m,[39m
      [33m"[39m[32mcontract[39m[33m"[39m[33m: [39m[33m"[39m[35mresource:org.accordproject.penalty.PenaltyContract#5ba6c6fc-6f82-4a63-93d2-4bafc80d60a5[39m[33m"[39m[33m,[39m
      [33m"[39m[32mpromisor[39m[33m"[39m[33m: [39m[33m"[39m[35mresource:org.accordproject.cicero.contract.AccordParty#Entity%20B[39m[33m"[39m[33m,[39m
      [33m"[39m[32mpromisee[39m[33m"[39m[33m: [39m[33m"[39m[35mresource:org.accordproject.cicero.contract.AccordParty#Entity%20A[39m[33m"[39m[33m,[39m
      [33m"[39m[32meventId[39m[33m"[39m[33m: [39m[33m"[39m[35mvalid[39m[33m"[39m[33m,[39m
      [33m"[39m[32mtimestamp[39m[33m"[39m[33m: [39m[33m"[39m[35m2021-05-05T10:29:46.696Z[39m[33m"[39m
    [33m}[39m
  [33m][39m
[33m}[39m
11:30:57 - [32minfo[39m: Using current directory as template folder
11:30:57 - [32minfo[39m: Loading a default text/sample.md file.
11:30:57 - [32minfo[39m: Loading a default request.json file.
11:30:57 - [34mdebug[39m: loadFileContents
11:30:57 - [34mdebug[39m: loadFileBuffer
11:30:57 - [34mdebug[39m: loadFileContents
11:30:57 - [34mdebug[39m: loadFileContents
11:30:57 - [34mdebug[39m: fromDirectory
11:30:57 - [34mdebug[39m: loadFilesContents
11:30:57 - [34mdebug[39m: loadFilesContents
11:30:57 - [34mdebug[39m: loadFilesContents
11:30:57 - [34mdebug[39m: loadFilesContents
11:30:57 - [34mdebug[39m: loadFilesContents
11:30:57 - [34mdebug[39m: loadFileContents
11:30:57 - [34mdebug[39m: fromDirectory
11:30:57 - [34mdebug[39m: loadFilesContents
11:30:57 - [34mdebug[39m: loadFilesContents
11:30:57 - [34mdebug[39m: loadFilesContents
11:30:57 - [34mdebug[39m: loadFilesContents
11:30:57 - [34mdebug[39m: loadFilesContents
11:30:57 - [34mdebug[39m: loadFileContents
11:30:57 - [34mdebug[39m: loadFileContents
11:30:57 - [34mdebug[39m: loadFileContents
11:30:57 - [34mdebug[39m: loadFileContents
11:30:57 - [34mdebug[39m: loadFileContents
11:30:59 - [34mdebug[39m: fromDirectory
11:30:59 - [34mdebug[39m: loadFileContents
11:30:59 - [34mdebug[39m: fromDirectory
11:30:59 - [34mdebug[39m: fromDirectory
11:30:59 - [34mdebug[39m: loadFilesContents
11:30:59 - [34mdebug[39m: loadFilesContents
11:30:59 - [34mdebug[39m: loadFilesContents
11:30:59 - [34mdebug[39m: loadFilesContents
11:30:59 - [34mdebug[39m: loadFilesContents
11:30:59 - [34mdebug[39m: loadFileContents
11:31:00 - [31merror[39m: Type error (at file logic/logic.ergo line 16 col 26). Function `org.accordproject.time.diffDurationAs' expected argument `x' to be of type `DateTime' but was given argument of type `DateTime?'.
    let diff : Duration = diffDurationAs(delivered,agreed,~org.accordproject.time.TemporalUnit.days);
                          ^^^^^^^^^^^^^^^^^^^^^^^^^^^^^^^^^^^^^^^^^^^^^^^^^^^^^^^^^^^^^^^^^^^^^^^^^^ 
11:31:24 - [32minfo[39m: Using current directory as template folder
11:31:24 - [32minfo[39m: Loading a default text/sample.md file.
11:31:24 - [32minfo[39m: Loading a default request.json file.
11:31:24 - [34mdebug[39m: loadFileContents
11:31:24 - [34mdebug[39m: loadFileBuffer
11:31:24 - [34mdebug[39m: loadFileContents
11:31:24 - [34mdebug[39m: loadFileContents
11:31:24 - [34mdebug[39m: fromDirectory
11:31:24 - [34mdebug[39m: loadFilesContents
11:31:24 - [34mdebug[39m: loadFilesContents
11:31:24 - [34mdebug[39m: loadFilesContents
11:31:24 - [34mdebug[39m: loadFilesContents
11:31:24 - [34mdebug[39m: loadFilesContents
11:31:24 - [34mdebug[39m: loadFileContents
11:31:24 - [34mdebug[39m: fromDirectory
11:31:24 - [34mdebug[39m: loadFilesContents
11:31:24 - [34mdebug[39m: loadFilesContents
11:31:24 - [34mdebug[39m: loadFilesContents
11:31:24 - [34mdebug[39m: loadFilesContents
11:31:24 - [34mdebug[39m: loadFilesContents
11:31:24 - [34mdebug[39m: loadFileContents
11:31:24 - [34mdebug[39m: loadFileContents
11:31:24 - [34mdebug[39m: loadFileContents
11:31:24 - [34mdebug[39m: loadFileContents
11:31:24 - [34mdebug[39m: loadFileContents
11:31:26 - [34mdebug[39m: fromDirectory
11:31:26 - [34mdebug[39m: loadFileContents
11:31:26 - [34mdebug[39m: fromDirectory
11:31:26 - [34mdebug[39m: fromDirectory
11:31:26 - [34mdebug[39m: loadFilesContents
11:31:26 - [34mdebug[39m: loadFilesContents
11:31:26 - [34mdebug[39m: loadFilesContents
11:31:26 - [34mdebug[39m: loadFilesContents
11:31:26 - [34mdebug[39m: loadFilesContents
11:31:26 - [34mdebug[39m: loadFileContents
11:31:27 - [34mdebug[39m: Setting clause data: {"$class":"org.accordproject.penalty.PenaltyContract","buyer":{"$class":"org.accordproject.cicero.contract.AccordParty","partyId":"Entity A"},"seller":{"$class":"org.accordproject.cicero.contract.AccordParty","partyId":"Entity B"},"penaltyDuration":{"$class":"org.accordproject.time.Duration","amount":5,"unit":"days"},"penaltyPercentage":5,"contractId":"d41c580a-f158-43a3-8f58-1374f85c3956"}
11:31:27 - [33mwarn[39m: A state file was not provided, initializing state. Try the --state flag or create a state.json in the root folder of your template.
11:31:27 - [34mdebug[39m: Engine processing clause init with state org.accordproject.cicero.contract.AccordContractState
11:31:27 - [34mdebug[39m: Engine processing request org.accordproject.penalty.PenaltyRequest with state org.accordproject.cicero.contract.AccordContractState
11:31:27 - [32minfo[39m: 0.0
11:31:27 - [32minfo[39m:
[33m{[39m
  [33m"[39m[32mclause[39m[33m"[39m[33m: [39m[33m"[39m[35msimplelatedeliveryandpenalty@0.9.0-4d974bf9acf560c9bb034feee49eede85c7980f1a67e8ee01247efcd055410ee[39m[33m"[39m[33m,[39m
  [33m"[39m[32mrequest[39m[33m"[39m[33m: [39m[33m{[39m
    [33m"[39m[32m$class[39m[33m"[39m[33m: [39m[33m"[39m[35morg.accordproject.penalty.PenaltyRequest[39m[33m"[39m[33m,[39m
    [33m"[39m[32magreedDelivery[39m[33m"[39m[33m: [39m[33m"[39m[35m2017-12-17T03:24:00-05:00[39m[33m"[39m[33m,[39m
    [33m"[39m[32mdeliveredAt[39m[33m"[39m[33m: [39m[33m"[39m[35m2017-12-18[39m[33m"[39m[33m,[39m
    [33m"[39m[32mgoodsValue[39m[33m"[39m[33m: [39m[36m100[39m
  [33m}[39m[33m,[39m
  [33m"[39m[32mresponse[39m[33m"[39m[33m: [39m[33m{[39m
    [33m"[39m[32m$class[39m[33m"[39m[33m: [39m[33m"[39m[35morg.accordproject.penalty.PenaltyResponse[39m[33m"[39m[33m,[39m
    [33m"[39m[32mpenalty[39m[33m"[39m[33m: [39m[36m0[39m[33m,[39m
    [33m"[39m[32mtransactionId[39m[33m"[39m[33m: [39m[33m"[39m[35m0026f351-e294-4efb-a8c2-10b2b9512c3e[39m[33m"[39m[33m,[39m
    [33m"[39m[32mtimestamp[39m[33m"[39m[33m: [39m[33m"[39m[35m2021-05-05T10:31:27.599Z[39m[33m"[39m
  [33m}[39m[33m,[39m
  [33m"[39m[32mstate[39m[33m"[39m[33m: [39m[33m{[39m
    [33m"[39m[32m$class[39m[33m"[39m[33m: [39m[33m"[39m[35morg.accordproject.cicero.contract.AccordContractState[39m[33m"[39m[33m,[39m
    [33m"[39m[32mstateId[39m[33m"[39m[33m: [39m[33m"[39m[35morg.accordproject.cicero.contract.AccordContractState#1[39m[33m"[39m
  [33m}[39m[33m,[39m
  [33m"[39m[32memit[39m[33m"[39m[33m: [39m[33m[[39m
    [33m{[39m
      [33m"[39m[32m$class[39m[33m"[39m[33m: [39m[33m"[39m[35morg.accordproject.cicero.runtime.PaymentObligation[39m[33m"[39m[33m,[39m
      [33m"[39m[32mamount[39m[33m"[39m[33m: [39m[33m{[39m
        [33m"[39m[32m$class[39m[33m"[39m[33m: [39m[33m"[39m[35morg.accordproject.money.MonetaryAmount[39m[33m"[39m[33m,[39m
        [33m"[39m[32mdoubleValue[39m[33m"[39m[33m: [39m[36m0[39m[33m,[39m
        [33m"[39m[32mcurrencyCode[39m[33m"[39m[33m: [39m[33m"[39m[35mEUR[39m[33m"[39m
      [33m}[39m[33m,[39m
      [33m"[39m[32mdescription[39m[33m"[39m[33m: [39m[33m"[39m[35mEntity B should pay penalty amount to Entity A[39m[33m"[39m[33m,[39m
      [33m"[39m[32mcontract[39m[33m"[39m[33m: [39m[33m"[39m[35mresource:org.accordproject.penalty.PenaltyContract#d41c580a-f158-43a3-8f58-1374f85c3956[39m[33m"[39m[33m,[39m
      [33m"[39m[32mpromisor[39m[33m"[39m[33m: [39m[33m"[39m[35mresource:org.accordproject.cicero.contract.AccordParty#Entity%20B[39m[33m"[39m[33m,[39m
      [33m"[39m[32mpromisee[39m[33m"[39m[33m: [39m[33m"[39m[35mresource:org.accordproject.cicero.contract.AccordParty#Entity%20A[39m[33m"[39m[33m,[39m
      [33m"[39m[32meventId[39m[33m"[39m[33m: [39m[33m"[39m[35mvalid[39m[33m"[39m[33m,[39m
      [33m"[39m[32mtimestamp[39m[33m"[39m[33m: [39m[33m"[39m[35m2021-05-05T10:31:27.600Z[39m[33m"[39m
    [33m}[39m
  [33m][39m
[33m}[39m
11:32:01 - [32minfo[39m: Using current directory as template folder
11:32:01 - [32minfo[39m: Loading a default text/sample.md file.
11:32:01 - [32minfo[39m: Loading a default request.json file.
11:32:01 - [34mdebug[39m: loadFileContents
11:32:01 - [34mdebug[39m: loadFileBuffer
11:32:01 - [34mdebug[39m: loadFileContents
11:32:01 - [34mdebug[39m: loadFileContents
11:32:01 - [34mdebug[39m: fromDirectory
11:32:01 - [34mdebug[39m: loadFilesContents
11:32:01 - [34mdebug[39m: loadFilesContents
11:32:01 - [34mdebug[39m: loadFilesContents
11:32:01 - [34mdebug[39m: loadFilesContents
11:32:01 - [34mdebug[39m: loadFilesContents
11:32:01 - [34mdebug[39m: loadFileContents
11:32:01 - [34mdebug[39m: fromDirectory
11:32:01 - [34mdebug[39m: loadFilesContents
11:32:01 - [34mdebug[39m: loadFilesContents
11:32:01 - [34mdebug[39m: loadFilesContents
11:32:01 - [34mdebug[39m: loadFilesContents
11:32:01 - [34mdebug[39m: loadFilesContents
11:32:01 - [34mdebug[39m: loadFileContents
11:32:01 - [34mdebug[39m: loadFileContents
11:32:01 - [34mdebug[39m: loadFileContents
11:32:01 - [34mdebug[39m: loadFileContents
11:32:01 - [34mdebug[39m: loadFileContents
11:32:03 - [34mdebug[39m: fromDirectory
11:32:03 - [34mdebug[39m: loadFileContents
11:32:03 - [34mdebug[39m: fromDirectory
11:32:03 - [34mdebug[39m: fromDirectory
11:32:03 - [34mdebug[39m: loadFilesContents
11:32:03 - [34mdebug[39m: loadFilesContents
11:32:03 - [34mdebug[39m: loadFilesContents
11:32:03 - [34mdebug[39m: loadFilesContents
11:32:03 - [34mdebug[39m: loadFilesContents
11:32:03 - [34mdebug[39m: loadFileContents
11:32:05 - [34mdebug[39m: Setting clause data: {"$class":"org.accordproject.penalty.PenaltyContract","buyer":{"$class":"org.accordproject.cicero.contract.AccordParty","partyId":"Entity A"},"seller":{"$class":"org.accordproject.cicero.contract.AccordParty","partyId":"Entity B"},"penaltyDuration":{"$class":"org.accordproject.time.Duration","amount":5,"unit":"days"},"penaltyPercentage":5,"contractId":"d8095a92-546e-478f-a0b4-540dc2a60313"}
11:32:05 - [33mwarn[39m: A state file was not provided, initializing state. Try the --state flag or create a state.json in the root folder of your template.
11:32:05 - [34mdebug[39m: Engine processing clause init with state org.accordproject.cicero.contract.AccordContractState
11:32:05 - [34mdebug[39m: Engine processing request org.accordproject.penalty.PenaltyRequest with state org.accordproject.cicero.contract.AccordContractState
11:32:05 - [32minfo[39m:
[36m2.6[39m
11:32:05 - [32minfo[39m:
[33m{[39m
  [33m"[39m[32mclause[39m[33m"[39m[33m: [39m[33m"[39m[35msimplelatedeliveryandpenalty@0.9.0-57cfb38704004e85e33b8247053d34438829d9da3c76673c648b2a951342e1e7[39m[33m"[39m[33m,[39m
  [33m"[39m[32mrequest[39m[33m"[39m[33m: [39m[33m{[39m
    [33m"[39m[32m$class[39m[33m"[39m[33m: [39m[33m"[39m[35morg.accordproject.penalty.PenaltyRequest[39m[33m"[39m[33m,[39m
    [33m"[39m[32magreedDelivery[39m[33m"[39m[33m: [39m[33m"[39m[35m2017-12-17T03:24:00-05:00[39m[33m"[39m[33m,[39m
    [33m"[39m[32mdeliveredAt[39m[33m"[39m[33m: [39m[33m"[39m[35m2017-12-31[39m[33m"[39m[33m,[39m
    [33m"[39m[32mgoodsValue[39m[33m"[39m[33m: [39m[36m100[39m
  [33m}[39m[33m,[39m
  [33m"[39m[32mresponse[39m[33m"[39m[33m: [39m[33m{[39m
    [33m"[39m[32m$class[39m[33m"[39m[33m: [39m[33m"[39m[35morg.accordproject.penalty.PenaltyResponse[39m[33m"[39m[33m,[39m
    [33m"[39m[32mpenalty[39m[33m"[39m[33m: [39m[36m13[39m[33m,[39m
    [33m"[39m[32mtransactionId[39m[33m"[39m[33m: [39m[33m"[39m[35m38d3b20c-40e3-4ad2-b497-32d5c6cc7044[39m[33m"[39m[33m,[39m
    [33m"[39m[32mtimestamp[39m[33m"[39m[33m: [39m[33m"[39m[35m2021-05-05T10:32:05.276Z[39m[33m"[39m
  [33m}[39m[33m,[39m
  [33m"[39m[32mstate[39m[33m"[39m[33m: [39m[33m{[39m
    [33m"[39m[32m$class[39m[33m"[39m[33m: [39m[33m"[39m[35morg.accordproject.cicero.contract.AccordContractState[39m[33m"[39m[33m,[39m
    [33m"[39m[32mstateId[39m[33m"[39m[33m: [39m[33m"[39m[35morg.accordproject.cicero.contract.AccordContractState#1[39m[33m"[39m
  [33m}[39m[33m,[39m
  [33m"[39m[32memit[39m[33m"[39m[33m: [39m[33m[[39m
    [33m{[39m
      [33m"[39m[32m$class[39m[33m"[39m[33m: [39m[33m"[39m[35morg.accordproject.cicero.runtime.PaymentObligation[39m[33m"[39m[33m,[39m
      [33m"[39m[32mamount[39m[33m"[39m[33m: [39m[33m{[39m
        [33m"[39m[32m$class[39m[33m"[39m[33m: [39m[33m"[39m[35morg.accordproject.money.MonetaryAmount[39m[33m"[39m[33m,[39m
        [33m"[39m[32mdoubleValue[39m[33m"[39m[33m: [39m[36m13[39m[33m,[39m
        [33m"[39m[32mcurrencyCode[39m[33m"[39m[33m: [39m[33m"[39m[35mEUR[39m[33m"[39m
      [33m}[39m[33m,[39m
      [33m"[39m[32mdescription[39m[33m"[39m[33m: [39m[33m"[39m[35mEntity B should pay penalty amount to Entity A[39m[33m"[39m[33m,[39m
      [33m"[39m[32mcontract[39m[33m"[39m[33m: [39m[33m"[39m[35mresource:org.accordproject.penalty.PenaltyContract#d8095a92-546e-478f-a0b4-540dc2a60313[39m[33m"[39m[33m,[39m
      [33m"[39m[32mpromisor[39m[33m"[39m[33m: [39m[33m"[39m[35mresource:org.accordproject.cicero.contract.AccordParty#Entity%20B[39m[33m"[39m[33m,[39m
      [33m"[39m[32mpromisee[39m[33m"[39m[33m: [39m[33m"[39m[35mresource:org.accordproject.cicero.contract.AccordParty#Entity%20A[39m[33m"[39m[33m,[39m
      [33m"[39m[32meventId[39m[33m"[39m[33m: [39m[33m"[39m[35mvalid[39m[33m"[39m[33m,[39m
      [33m"[39m[32mtimestamp[39m[33m"[39m[33m: [39m[33m"[39m[35m2021-05-05T10:32:05.277Z[39m[33m"[39m
    [33m}[39m
  [33m][39m
[33m}[39m
11:34:20 - [32minfo[39m: Using current directory as template folder
11:34:20 - [32minfo[39m: Loading a default text/sample.md file.
11:34:20 - [32minfo[39m: Loading a default request.json file.
11:34:20 - [34mdebug[39m: loadFileContents
11:34:20 - [34mdebug[39m: loadFileBuffer
11:34:20 - [34mdebug[39m: loadFileContents
11:34:20 - [34mdebug[39m: loadFileContents
11:34:20 - [34mdebug[39m: fromDirectory
11:34:20 - [34mdebug[39m: loadFilesContents
11:34:20 - [34mdebug[39m: loadFilesContents
11:34:20 - [34mdebug[39m: loadFilesContents
11:34:20 - [34mdebug[39m: loadFilesContents
11:34:20 - [34mdebug[39m: loadFilesContents
11:34:20 - [34mdebug[39m: loadFileContents
11:34:20 - [34mdebug[39m: fromDirectory
11:34:20 - [34mdebug[39m: loadFilesContents
11:34:20 - [34mdebug[39m: loadFilesContents
11:34:20 - [34mdebug[39m: loadFilesContents
11:34:20 - [34mdebug[39m: loadFilesContents
11:34:20 - [34mdebug[39m: loadFilesContents
11:34:20 - [34mdebug[39m: loadFileContents
11:34:20 - [34mdebug[39m: loadFileContents
11:34:20 - [34mdebug[39m: loadFileContents
11:34:20 - [34mdebug[39m: loadFileContents
11:34:20 - [34mdebug[39m: loadFileContents
11:34:22 - [34mdebug[39m: fromDirectory
11:34:22 - [34mdebug[39m: loadFileContents
11:34:22 - [34mdebug[39m: fromDirectory
11:34:22 - [34mdebug[39m: fromDirectory
11:34:22 - [34mdebug[39m: loadFilesContents
11:34:22 - [34mdebug[39m: loadFilesContents
11:34:22 - [34mdebug[39m: loadFilesContents
11:34:22 - [34mdebug[39m: loadFilesContents
11:34:22 - [34mdebug[39m: loadFilesContents
11:34:22 - [34mdebug[39m: loadFileContents
11:34:24 - [34mdebug[39m: Setting clause data: {"$class":"org.accordproject.penalty.PenaltyContract","buyer":{"$class":"org.accordproject.cicero.contract.AccordParty","partyId":"Entity A"},"seller":{"$class":"org.accordproject.cicero.contract.AccordParty","partyId":"Entity B"},"penaltyDuration":{"$class":"org.accordproject.time.Duration","amount":5,"unit":"days"},"penaltyPercentage":5,"contractId":"8d673890-3eec-41cd-be3c-25155b62ff4f"}
11:34:24 - [33mwarn[39m: A state file was not provided, initializing state. Try the --state flag or create a state.json in the root folder of your template.
11:34:24 - [34mdebug[39m: Engine processing clause init with state org.accordproject.cicero.contract.AccordContractState
11:34:24 - [34mdebug[39m: Engine processing request org.accordproject.penalty.PenaltyRequest with state org.accordproject.cicero.contract.AccordContractState
11:34:24 - [32minfo[39m:
[36m-0.6[39m
11:34:24 - [32minfo[39m:
[33m{[39m
  [33m"[39m[32mclause[39m[33m"[39m[33m: [39m[33m"[39m[35msimplelatedeliveryandpenalty@0.9.0-32cd9a2c3cbd6693ab54ca6ed2bb60c70edee1f66039c0bbcd2b0c800bb20ead[39m[33m"[39m[33m,[39m
  [33m"[39m[32mrequest[39m[33m"[39m[33m: [39m[33m{[39m
    [33m"[39m[32m$class[39m[33m"[39m[33m: [39m[33m"[39m[35morg.accordproject.penalty.PenaltyRequest[39m[33m"[39m[33m,[39m
    [33m"[39m[32magreedDelivery[39m[33m"[39m[33m: [39m[33m"[39m[35m2017-12-17T03:24:00-05:00[39m[33m"[39m[33m,[39m
    [33m"[39m[32mdeliveredAt[39m[33m"[39m[33m: [39m[33m"[39m[35m2017-12-15[39m[33m"[39m[33m,[39m
    [33m"[39m[32mgoodsValue[39m[33m"[39m[33m: [39m[36m100[39m
  [33m}[39m[33m,[39m
  [33m"[39m[32mresponse[39m[33m"[39m[33m: [39m[33m{[39m
    [33m"[39m[32m$class[39m[33m"[39m[33m: [39m[33m"[39m[35morg.accordproject.penalty.PenaltyResponse[39m[33m"[39m[33m,[39m
    [33m"[39m[32mpenalty[39m[33m"[39m[33m: [39m[36m-3[39m[33m,[39m
    [33m"[39m[32mtransactionId[39m[33m"[39m[33m: [39m[33m"[39m[35m46ed52fe-714b-4510-a17e-9d06178bfd51[39m[33m"[39m[33m,[39m
    [33m"[39m[32mtimestamp[39m[33m"[39m[33m: [39m[33m"[39m[35m2021-05-05T10:34:24.346Z[39m[33m"[39m
  [33m}[39m[33m,[39m
  [33m"[39m[32mstate[39m[33m"[39m[33m: [39m[33m{[39m
    [33m"[39m[32m$class[39m[33m"[39m[33m: [39m[33m"[39m[35morg.accordproject.cicero.contract.AccordContractState[39m[33m"[39m[33m,[39m
    [33m"[39m[32mstateId[39m[33m"[39m[33m: [39m[33m"[39m[35morg.accordproject.cicero.contract.AccordContractState#1[39m[33m"[39m
  [33m}[39m[33m,[39m
  [33m"[39m[32memit[39m[33m"[39m[33m: [39m[33m[[39m
    [33m{[39m
      [33m"[39m[32m$class[39m[33m"[39m[33m: [39m[33m"[39m[35morg.accordproject.cicero.runtime.PaymentObligation[39m[33m"[39m[33m,[39m
      [33m"[39m[32mamount[39m[33m"[39m[33m: [39m[33m{[39m
        [33m"[39m[32m$class[39m[33m"[39m[33m: [39m[33m"[39m[35morg.accordproject.money.MonetaryAmount[39m[33m"[39m[33m,[39m
        [33m"[39m[32mdoubleValue[39m[33m"[39m[33m: [39m[36m-3[39m[33m,[39m
        [33m"[39m[32mcurrencyCode[39m[33m"[39m[33m: [39m[33m"[39m[35mEUR[39m[33m"[39m
      [33m}[39m[33m,[39m
      [33m"[39m[32mdescription[39m[33m"[39m[33m: [39m[33m"[39m[35mEntity B should pay penalty amount to Entity A[39m[33m"[39m[33m,[39m
      [33m"[39m[32mcontract[39m[33m"[39m[33m: [39m[33m"[39m[35mresource:org.accordproject.penalty.PenaltyContract#8d673890-3eec-41cd-be3c-25155b62ff4f[39m[33m"[39m[33m,[39m
      [33m"[39m[32mpromisor[39m[33m"[39m[33m: [39m[33m"[39m[35mresource:org.accordproject.cicero.contract.AccordParty#Entity%20B[39m[33m"[39m[33m,[39m
      [33m"[39m[32mpromisee[39m[33m"[39m[33m: [39m[33m"[39m[35mresource:org.accordproject.cicero.contract.AccordParty#Entity%20A[39m[33m"[39m[33m,[39m
      [33m"[39m[32meventId[39m[33m"[39m[33m: [39m[33m"[39m[35mvalid[39m[33m"[39m[33m,[39m
      [33m"[39m[32mtimestamp[39m[33m"[39m[33m: [39m[33m"[39m[35m2021-05-05T10:34:24.349Z[39m[33m"[39m
    [33m}[39m
  [33m][39m
[33m}[39m
11:37:39 - [32minfo[39m: Using current directory as template folder
11:37:39 - [32minfo[39m: Loading a default text/sample.md file.
11:37:39 - [32minfo[39m: Loading a default request.json file.
11:37:39 - [34mdebug[39m: loadFileContents
11:37:39 - [34mdebug[39m: loadFileBuffer
11:37:39 - [34mdebug[39m: loadFileContents
11:37:39 - [34mdebug[39m: loadFileContents
11:37:39 - [34mdebug[39m: fromDirectory
11:37:39 - [34mdebug[39m: loadFilesContents
11:37:39 - [34mdebug[39m: loadFilesContents
11:37:39 - [34mdebug[39m: loadFilesContents
11:37:39 - [34mdebug[39m: loadFilesContents
11:37:39 - [34mdebug[39m: loadFilesContents
11:37:39 - [34mdebug[39m: loadFileContents
11:37:39 - [34mdebug[39m: fromDirectory
11:37:39 - [34mdebug[39m: loadFilesContents
11:37:39 - [34mdebug[39m: loadFilesContents
11:37:39 - [34mdebug[39m: loadFilesContents
11:37:39 - [34mdebug[39m: loadFilesContents
11:37:39 - [34mdebug[39m: loadFilesContents
11:37:39 - [34mdebug[39m: loadFileContents
11:37:39 - [34mdebug[39m: loadFileContents
11:37:39 - [34mdebug[39m: loadFileContents
11:37:39 - [34mdebug[39m: loadFileContents
11:37:39 - [34mdebug[39m: loadFileContents
11:37:41 - [34mdebug[39m: fromDirectory
11:37:41 - [34mdebug[39m: loadFileContents
11:37:41 - [34mdebug[39m: fromDirectory
11:37:41 - [34mdebug[39m: fromDirectory
11:37:41 - [34mdebug[39m: loadFilesContents
11:37:41 - [34mdebug[39m: loadFilesContents
11:37:41 - [34mdebug[39m: loadFilesContents
11:37:41 - [34mdebug[39m: loadFilesContents
11:37:41 - [34mdebug[39m: loadFilesContents
11:37:41 - [34mdebug[39m: loadFileContents
11:37:43 - [34mdebug[39m: Setting clause data: {"$class":"org.accordproject.penalty.PenaltyContract","buyer":{"$class":"org.accordproject.cicero.contract.AccordParty","partyId":"Entity A"},"seller":{"$class":"org.accordproject.cicero.contract.AccordParty","partyId":"Entity B"},"penaltyDuration":{"$class":"org.accordproject.time.Duration","amount":5,"unit":"days"},"penaltyPercentage":5,"contractId":"28cfc61b-094e-40cb-a2a7-bb7d0b613f57"}
11:37:43 - [33mwarn[39m: A state file was not provided, initializing state. Try the --state flag or create a state.json in the root folder of your template.
11:37:43 - [34mdebug[39m: Engine processing clause init with state org.accordproject.cicero.contract.AccordContractState
11:37:43 - [34mdebug[39m: Engine processing request org.accordproject.penalty.PenaltyRequest with state org.accordproject.cicero.contract.AccordContractState
11:37:43 - [32minfo[39m: 0.0
11:37:43 - [32minfo[39m:
[33m{[39m
  [33m"[39m[32mclause[39m[33m"[39m[33m: [39m[33m"[39m[35msimplelatedeliveryandpenalty@0.9.0-703ebfa3e8765face516003e51081b459b2d85ef3930b20d011bc5ea2b37abd5[39m[33m"[39m[33m,[39m
  [33m"[39m[32mrequest[39m[33m"[39m[33m: [39m[33m{[39m
    [33m"[39m[32m$class[39m[33m"[39m[33m: [39m[33m"[39m[35morg.accordproject.penalty.PenaltyRequest[39m[33m"[39m[33m,[39m
    [33m"[39m[32magreedDelivery[39m[33m"[39m[33m: [39m[33m"[39m[35m2017-12-17T03:24:00-05:00[39m[33m"[39m[33m,[39m
    [33m"[39m[32mdeliveredAt[39m[33m"[39m[33m: [39m[33m"[39m[35m2017-12-18[39m[33m"[39m[33m,[39m
    [33m"[39m[32mgoodsValue[39m[33m"[39m[33m: [39m[36m100[39m
  [33m}[39m[33m,[39m
  [33m"[39m[32mresponse[39m[33m"[39m[33m: [39m[33m{[39m
    [33m"[39m[32m$class[39m[33m"[39m[33m: [39m[33m"[39m[35morg.accordproject.penalty.PenaltyResponse[39m[33m"[39m[33m,[39m
    [33m"[39m[32mpenalty[39m[33m"[39m[33m: [39m[36m0[39m[33m,[39m
    [33m"[39m[32mtransactionId[39m[33m"[39m[33m: [39m[33m"[39m[35ma91f0202-3f8e-4647-9365-eecd63e783e4[39m[33m"[39m[33m,[39m
    [33m"[39m[32mtimestamp[39m[33m"[39m[33m: [39m[33m"[39m[35m2021-05-05T10:37:43.052Z[39m[33m"[39m
  [33m}[39m[33m,[39m
  [33m"[39m[32mstate[39m[33m"[39m[33m: [39m[33m{[39m
    [33m"[39m[32m$class[39m[33m"[39m[33m: [39m[33m"[39m[35morg.accordproject.cicero.contract.AccordContractState[39m[33m"[39m[33m,[39m
    [33m"[39m[32mstateId[39m[33m"[39m[33m: [39m[33m"[39m[35morg.accordproject.cicero.contract.AccordContractState#1[39m[33m"[39m
  [33m}[39m[33m,[39m
  [33m"[39m[32memit[39m[33m"[39m[33m: [39m[33m[[39m
    [33m{[39m
      [33m"[39m[32m$class[39m[33m"[39m[33m: [39m[33m"[39m[35morg.accordproject.cicero.runtime.PaymentObligation[39m[33m"[39m[33m,[39m
      [33m"[39m[32mamount[39m[33m"[39m[33m: [39m[33m{[39m
        [33m"[39m[32m$class[39m[33m"[39m[33m: [39m[33m"[39m[35morg.accordproject.money.MonetaryAmount[39m[33m"[39m[33m,[39m
        [33m"[39m[32mdoubleValue[39m[33m"[39m[33m: [39m[36m0[39m[33m,[39m
        [33m"[39m[32mcurrencyCode[39m[33m"[39m[33m: [39m[33m"[39m[35mEUR[39m[33m"[39m
      [33m}[39m[33m,[39m
      [33m"[39m[32mdescription[39m[33m"[39m[33m: [39m[33m"[39m[35mEntity B should pay penalty amount to Entity A[39m[33m"[39m[33m,[39m
      [33m"[39m[32mcontract[39m[33m"[39m[33m: [39m[33m"[39m[35mresource:org.accordproject.penalty.PenaltyContract#28cfc61b-094e-40cb-a2a7-bb7d0b613f57[39m[33m"[39m[33m,[39m
      [33m"[39m[32mpromisor[39m[33m"[39m[33m: [39m[33m"[39m[35mresource:org.accordproject.cicero.contract.AccordParty#Entity%20B[39m[33m"[39m[33m,[39m
      [33m"[39m[32mpromisee[39m[33m"[39m[33m: [39m[33m"[39m[35mresource:org.accordproject.cicero.contract.AccordParty#Entity%20A[39m[33m"[39m[33m,[39m
      [33m"[39m[32meventId[39m[33m"[39m[33m: [39m[33m"[39m[35mvalid[39m[33m"[39m[33m,[39m
      [33m"[39m[32mtimestamp[39m[33m"[39m[33m: [39m[33m"[39m[35m2021-05-05T10:37:43.054Z[39m[33m"[39m
    [33m}[39m
  [33m][39m
[33m}[39m
11:39:37 - [32minfo[39m: Using current directory as template folder
11:39:37 - [32minfo[39m: Loading a default text/sample.md file.
11:39:37 - [32minfo[39m: Loading a default request.json file.
11:39:37 - [34mdebug[39m: loadFileContents
11:39:37 - [34mdebug[39m: loadFileBuffer
11:39:37 - [34mdebug[39m: loadFileContents
11:39:37 - [34mdebug[39m: loadFileContents
11:39:37 - [34mdebug[39m: fromDirectory
11:39:37 - [34mdebug[39m: loadFilesContents
11:39:37 - [34mdebug[39m: loadFilesContents
11:39:37 - [34mdebug[39m: loadFilesContents
11:39:37 - [34mdebug[39m: loadFilesContents
11:39:37 - [34mdebug[39m: loadFilesContents
11:39:37 - [34mdebug[39m: loadFileContents
11:39:37 - [34mdebug[39m: fromDirectory
11:39:38 - [34mdebug[39m: loadFilesContents
11:39:38 - [34mdebug[39m: loadFilesContents
11:39:38 - [34mdebug[39m: loadFilesContents
11:39:38 - [34mdebug[39m: loadFilesContents
11:39:38 - [34mdebug[39m: loadFilesContents
11:39:38 - [34mdebug[39m: loadFileContents
11:39:38 - [34mdebug[39m: loadFileContents
11:39:38 - [34mdebug[39m: loadFileContents
11:39:38 - [34mdebug[39m: loadFileContents
11:39:38 - [34mdebug[39m: loadFileContents
11:39:39 - [34mdebug[39m: fromDirectory
11:39:39 - [34mdebug[39m: loadFileContents
11:39:39 - [34mdebug[39m: fromDirectory
11:39:39 - [34mdebug[39m: fromDirectory
11:39:39 - [34mdebug[39m: loadFilesContents
11:39:39 - [34mdebug[39m: loadFilesContents
11:39:39 - [34mdebug[39m: loadFilesContents
11:39:39 - [34mdebug[39m: loadFilesContents
11:39:39 - [34mdebug[39m: loadFilesContents
11:39:39 - [34mdebug[39m: loadFileContents
11:39:40 - [34mdebug[39m: Setting clause data: {"$class":"org.accordproject.penalty.PenaltyContract","buyer":{"$class":"org.accordproject.cicero.contract.AccordParty","partyId":"Entity A"},"seller":{"$class":"org.accordproject.cicero.contract.AccordParty","partyId":"Entity B"},"penaltyDuration":{"$class":"org.accordproject.time.Duration","amount":5,"unit":"days"},"penaltyPercentage":5,"contractId":"ca406513-04b4-4aaf-94eb-a17c9415a9ed"}
11:39:40 - [33mwarn[39m: A state file was not provided, initializing state. Try the --state flag or create a state.json in the root folder of your template.
11:39:40 - [34mdebug[39m: Engine processing clause init with state org.accordproject.cicero.contract.AccordContractState
11:39:40 - [34mdebug[39m: Engine processing request org.accordproject.penalty.PenaltyRequest with state org.accordproject.cicero.contract.AccordContractState
11:39:40 - [32minfo[39m:
[36m1.6[39m
11:39:40 - [32minfo[39m:
[33m{[39m
  [33m"[39m[32mclause[39m[33m"[39m[33m: [39m[33m"[39m[35msimplelatedeliveryandpenalty@0.9.0-36946c5dbd7cb350aff361f41fd5d0a861e2e5c7b9ac0f7565a77e23b5144e34[39m[33m"[39m[33m,[39m
  [33m"[39m[32mrequest[39m[33m"[39m[33m: [39m[33m{[39m
    [33m"[39m[32m$class[39m[33m"[39m[33m: [39m[33m"[39m[35morg.accordproject.penalty.PenaltyRequest[39m[33m"[39m[33m,[39m
    [33m"[39m[32magreedDelivery[39m[33m"[39m[33m: [39m[33m"[39m[35m2017-12-17T03:24:00-05:00[39m[33m"[39m[33m,[39m
    [33m"[39m[32mdeliveredAt[39m[33m"[39m[33m: [39m[33m"[39m[35m2017-12-26[39m[33m"[39m[33m,[39m
    [33m"[39m[32mgoodsValue[39m[33m"[39m[33m: [39m[36m100[39m
  [33m}[39m[33m,[39m
  [33m"[39m[32mresponse[39m[33m"[39m[33m: [39m[33m{[39m
    [33m"[39m[32m$class[39m[33m"[39m[33m: [39m[33m"[39m[35morg.accordproject.penalty.PenaltyResponse[39m[33m"[39m[33m,[39m
    [33m"[39m[32mpenalty[39m[33m"[39m[33m: [39m[36m8[39m[33m,[39m
    [33m"[39m[32mtransactionId[39m[33m"[39m[33m: [39m[33m"[39m[35md769bd38-7e6a-4e66-ae03-9e46fee0898e[39m[33m"[39m[33m,[39m
    [33m"[39m[32mtimestamp[39m[33m"[39m[33m: [39m[33m"[39m[35m2021-05-05T10:39:40.873Z[39m[33m"[39m
  [33m}[39m[33m,[39m
  [33m"[39m[32mstate[39m[33m"[39m[33m: [39m[33m{[39m
    [33m"[39m[32m$class[39m[33m"[39m[33m: [39m[33m"[39m[35morg.accordproject.cicero.contract.AccordContractState[39m[33m"[39m[33m,[39m
    [33m"[39m[32mstateId[39m[33m"[39m[33m: [39m[33m"[39m[35morg.accordproject.cicero.contract.AccordContractState#1[39m[33m"[39m
  [33m}[39m[33m,[39m
  [33m"[39m[32memit[39m[33m"[39m[33m: [39m[33m[[39m
    [33m{[39m
      [33m"[39m[32m$class[39m[33m"[39m[33m: [39m[33m"[39m[35morg.accordproject.cicero.runtime.PaymentObligation[39m[33m"[39m[33m,[39m
      [33m"[39m[32mamount[39m[33m"[39m[33m: [39m[33m{[39m
        [33m"[39m[32m$class[39m[33m"[39m[33m: [39m[33m"[39m[35morg.accordproject.money.MonetaryAmount[39m[33m"[39m[33m,[39m
        [33m"[39m[32mdoubleValue[39m[33m"[39m[33m: [39m[36m8[39m[33m,[39m
        [33m"[39m[32mcurrencyCode[39m[33m"[39m[33m: [39m[33m"[39m[35mEUR[39m[33m"[39m
      [33m}[39m[33m,[39m
      [33m"[39m[32mdescription[39m[33m"[39m[33m: [39m[33m"[39m[35mEntity B should pay penalty amount to Entity A[39m[33m"[39m[33m,[39m
      [33m"[39m[32mcontract[39m[33m"[39m[33m: [39m[33m"[39m[35mresource:org.accordproject.penalty.PenaltyContract#ca406513-04b4-4aaf-94eb-a17c9415a9ed[39m[33m"[39m[33m,[39m
      [33m"[39m[32mpromisor[39m[33m"[39m[33m: [39m[33m"[39m[35mresource:org.accordproject.cicero.contract.AccordParty#Entity%20B[39m[33m"[39m[33m,[39m
      [33m"[39m[32mpromisee[39m[33m"[39m[33m: [39m[33m"[39m[35mresource:org.accordproject.cicero.contract.AccordParty#Entity%20A[39m[33m"[39m[33m,[39m
      [33m"[39m[32meventId[39m[33m"[39m[33m: [39m[33m"[39m[35mvalid[39m[33m"[39m[33m,[39m
      [33m"[39m[32mtimestamp[39m[33m"[39m[33m: [39m[33m"[39m[35m2021-05-05T10:39:40.875Z[39m[33m"[39m
    [33m}[39m
  [33m][39m
[33m}[39m
